

Microchip MPLAB XC8 Assembler V2.46 build 20240104201356 
                                                                                               Thu May 23 22:22:45 2024

Microchip MPLAB XC8 C Compiler v2.46 (Free license) build 20240104201356 Og1 
     1                           	processor	18F4520
     2                           	fnconf	rparam,??,?,0
     3                           	pagewidth 120
     4                           	opt	flic
     5                           	psect	cinit,global,reloc=2,class=CODE,delta=1
     6                           	psect	cstackCOMRAM,global,class=COMRAM,space=1,delta=1,lowdata,noexec
     7                           	psect	text0,global,reloc=2,class=CODE,delta=1
     8                           	psect	text1,global,reloc=2,class=CODE,delta=1
     9                           	psect	text2,global,reloc=2,class=CODE,delta=1
    10                           	psect	smallconst,global,reloc=2,class=SMALLCONST,delta=1,noexec
    11                           	psect	intsave_regs,global,class=BIGRAM,space=1,delta=1,noexec
    12                           	psect	rparam,global,class=COMRAM,space=1,delta=1,noexec
    13                           	psect	config,global,abs,ovrld,class=CONFIG,space=4,delta=1,noexec
    14   000000                     
    15                           ; Generated 17/10/2023 GMT
    16                           ; 
    17                           ; Copyright © 2023, Microchip Technology Inc. and its subsidiaries ("Microchip")
    18                           ; All rights reserved.
    19                           ; 
    20                           ; This software is developed by Microchip Technology Inc. and its subsidiaries ("Microch
      +                          ip").
    21                           ; 
    22                           ; Redistribution and use in source and binary forms, with or without modification, are
    23                           ; permitted provided that the following conditions are met:
    24                           ; 
    25                           ;     1. Redistributions of source code must retain the above copyright notice, this lis
      +                          t of
    26                           ;        conditions and the following disclaimer.
    27                           ; 
    28                           ;     2. Redistributions in binary form must reproduce the above copyright notice, this 
      +                          list
    29                           ;        of conditions and the following disclaimer in the documentation and/or other
    30                           ;        materials provided with the distribution. Publication is not required when
    31                           ;        this file is used in an embedded application.
    32                           ; 
    33                           ;     3. Microchip's name may not be used to endorse or promote products derived from th
      +                          is
    34                           ;        software without specific prior written permission.
    35                           ; 
    36                           ; THIS SOFTWARE IS PROVIDED BY MICROCHIP "AS IS" AND ANY EXPRESS OR IMPLIED WARRANTIES,
    37                           ; INCLUDING, BUT NOT LIMITED TO, THE IMPLIED WARRANTIES OF MERCHANTABILITY AND FITNESS F
      +                          OR
    38                           ; PURPOSE ARE DISCLAIMED.  IN NO EVENT SHALL MICROCHIP BE LIABLE FOR ANY DIRECT, INDIREC
      +                          T,
    39                           ; INCIDENTAL, SPECIAL, EXEMPLARY, OR CONSEQUENTIAL DAMAGES (INCLUDING BUT NOT LIMITED TO
    40                           ; PROCUREMENT OF SUBSTITUTE GOODS OR SERVICES; LOSS OF USE, DATA OR PROFITS; OR BUSINESS
    41                           ; INTERRUPTION) HOWSOEVER CAUSED AND ON ANY THEORY OF LIABILITY, WHETHER IN CONTRACT, ST
      +                          RICT
    42                           ; LIABILITY, OR TORT (INCLUDING NEGLIGENCE OR OTHERWISE) ARISING IN ANY WAY OUT OF THE U
      +                          SE OF
    43                           ; THIS SOFTWARE, EVEN IF ADVISED OF THE POSSIBILITY OF SUCH DAMAGE.
    44                           ; 
    45                           ; 
    46                           ; Code-generator required, PIC18F4520 Definitions
    47                           ; 
    48                           ; SFR Addresses
    49   000000                     _PORTCbits	set	3970
    50   000000                     _PORTBbits	set	3969
    51   000000                     _PORTD	set	3971
    52   000000                     _TRISB	set	3987
    53   000000                     _TRISD	set	3989
    54   000000                     _OSCTUNE	set	3995
    55   000000                     _ADCON1	set	4033
    56   000000                     _OSCCON	set	4051
    57                           
    58                           ; #config settings
    59                           
    60                           	psect	cinit
    61   000720                     __pcinit:
    62                           	callstack 0
    63   000720                     start_initialization:
    64                           	callstack 0
    65   000720                     __initialization:
    66                           	callstack 0
    67   000720                     end_of_initialization:
    68                           	callstack 0
    69   000720                     __end_of__initialization:
    70                           	callstack 0
    71   000720  0100               	movlb	0
    72   000722  EF01  F003         	goto	_main	;jump to C main() function
    73                           
    74                           	psect	cstackCOMRAM
    75   000000                     __pcstackCOMRAM:
    76                           	callstack 0
    77   000000                     
    78                           ; 1 bytes @ 0x0
    79 ;;
    80 ;;Main: autosize = 0, tempsize = 0, incstack = 0, save=0
    81 ;;
    82 ;; *************** function _main *****************
    83 ;; Defined at:
    84 ;;		line 87 in file "Controle_Nivel.c"
    85 ;; Parameters:    Size  Location     Type
    86 ;;		None
    87 ;; Auto vars:     Size  Location     Type
    88 ;;		None
    89 ;; Return value:  Size  Location     Type
    90 ;;                  1    wreg      void 
    91 ;; Registers used:
    92 ;;		wreg, status,2, cstack
    93 ;; Tracked objects:
    94 ;;		On entry : 0/0
    95 ;;		On exit  : 0/0
    96 ;;		Unchanged: 0/0
    97 ;; Data sizes:     COMRAM   BANK0   BANK1   BANK2   BANK3   BANK4   BANK5
    98 ;;      Params:         0       0       0       0       0       0       0
    99 ;;      Locals:         0       0       0       0       0       0       0
   100 ;;      Temps:          0       0       0       0       0       0       0
   101 ;;      Totals:         0       0       0       0       0       0       0
   102 ;;Total ram usage:        0 bytes
   103 ;; Hardware stack levels required when called: 1
   104 ;; This function calls:
   105 ;;		_config_IO
   106 ;;		_config_OSC
   107 ;; This function is called by:
   108 ;;		Startup code after reset
   109 ;; This function uses a non-reentrant model
   110 ;;
   111                           
   112                           	psect	text0
   113   000602                     __ptext0:
   114                           	callstack 0
   115   000602                     _main:
   116                           	callstack 30
   117   000602                     
   118                           ;Controle_Nivel.c: 89:     config_OSC();
   119   000602  EC8B  F003         	call	_config_OSC	;wreg free
   120                           
   121                           ;Controle_Nivel.c: 90:     config_IO();
   122   000606  EC83  F003         	call	_config_IO	;wreg free
   123   00060A                     l722:
   124                           
   125                           ;Controle_Nivel.c: 92:     {;Controle_Nivel.c: 93:         if(PORTBbits.RB0 == 0 && PORT
      +                          Bbits.RB1 == 0 && PORTBbits.RB2 == 0)
   126   00060A  B081               	btfsc	129,0,c	;volatile
   127   00060C  EF0A  F003         	goto	u11
   128   000610  EF0C  F003         	goto	u10
   129   000614                     u11:
   130   000614  EF22  F003         	goto	l28
   131   000618                     u10:
   132   000618  B281               	btfsc	129,1,c	;volatile
   133   00061A  EF11  F003         	goto	u21
   134   00061E  EF13  F003         	goto	u20
   135   000622                     u21:
   136   000622  EF22  F003         	goto	l28
   137   000626                     u20:
   138   000626  B481               	btfsc	129,2,c	;volatile
   139   000628  EF18  F003         	goto	u31
   140   00062C  EF1A  F003         	goto	u30
   141   000630                     u31:
   142   000630  EF22  F003         	goto	l28
   143   000634                     u30:
   144   000634                     
   145                           ;Controle_Nivel.c: 94:         {;Controle_Nivel.c: 95:             PORTCbits.RC0 = 0;
   146   000634  9082               	bcf	130,0,c	;volatile
   147                           
   148                           ;Controle_Nivel.c: 96:             PORTCbits.RC1 = 0;
   149   000636  9282               	bcf	130,1,c	;volatile
   150                           
   151                           ;Controle_Nivel.c: 97:             PORTCbits.RC2 = 1;
   152   000638  8482               	bsf	130,2,c	;volatile
   153                           
   154                           ;Controle_Nivel.c: 98:             PORTCbits.RC3 = 0;
   155   00063A  9682               	bcf	130,3,c	;volatile
   156                           
   157                           ;Controle_Nivel.c: 99:             PORTCbits.RC4 = 0;
   158   00063C  9882               	bcf	130,4,c	;volatile
   159                           
   160                           ;Controle_Nivel.c: 100:             PORTCbits.RC5 = 0;
   161   00063E  9A82               	bcf	130,5,c	;volatile
   162                           
   163                           ;Controle_Nivel.c: 101:         }
   164   000640  EF05  F003         	goto	l722
   165   000644                     l28:
   166   000644  A081               	btfss	129,0,c	;volatile
   167   000646  EF27  F003         	goto	u41
   168   00064A  EF29  F003         	goto	u40
   169   00064E                     u41:
   170   00064E  EF3F  F003         	goto	l30
   171   000652                     u40:
   172   000652  B281               	btfsc	129,1,c	;volatile
   173   000654  EF2E  F003         	goto	u51
   174   000658  EF30  F003         	goto	u50
   175   00065C                     u51:
   176   00065C  EF3F  F003         	goto	l30
   177   000660                     u50:
   178   000660  B481               	btfsc	129,2,c	;volatile
   179   000662  EF35  F003         	goto	u61
   180   000666  EF37  F003         	goto	u60
   181   00066A                     u61:
   182   00066A  EF3F  F003         	goto	l30
   183   00066E                     u60:
   184   00066E                     
   185                           ;Controle_Nivel.c: 103:         {;Controle_Nivel.c: 104:             PORTCbits.RC0 = 0;
   186   00066E  9082               	bcf	130,0,c	;volatile
   187                           
   188                           ;Controle_Nivel.c: 105:             PORTCbits.RC1 = 0;
   189   000670  9282               	bcf	130,1,c	;volatile
   190                           
   191                           ;Controle_Nivel.c: 106:             PORTCbits.RC2 = 1;
   192   000672  8482               	bsf	130,2,c	;volatile
   193                           
   194                           ;Controle_Nivel.c: 107:             PORTCbits.RC3 = 0;
   195   000674  9682               	bcf	130,3,c	;volatile
   196                           
   197                           ;Controle_Nivel.c: 108:             PORTCbits.RC4 = 1;
   198   000676  8882               	bsf	130,4,c	;volatile
   199                           
   200                           ;Controle_Nivel.c: 109:             PORTCbits.RC5 = 1;
   201   000678  8A82               	bsf	130,5,c	;volatile
   202                           
   203                           ;Controle_Nivel.c: 110:         }
   204   00067A  EF05  F003         	goto	l722
   205   00067E                     l30:
   206   00067E  A081               	btfss	129,0,c	;volatile
   207   000680  EF44  F003         	goto	u71
   208   000684  EF46  F003         	goto	u70
   209   000688                     u71:
   210   000688  EF5C  F003         	goto	l32
   211   00068C                     u70:
   212   00068C  A281               	btfss	129,1,c	;volatile
   213   00068E  EF4B  F003         	goto	u81
   214   000692  EF4D  F003         	goto	u80
   215   000696                     u81:
   216   000696  EF5C  F003         	goto	l32
   217   00069A                     u80:
   218   00069A  B481               	btfsc	129,2,c	;volatile
   219   00069C  EF52  F003         	goto	u91
   220   0006A0  EF54  F003         	goto	u90
   221   0006A4                     u91:
   222   0006A4  EF5C  F003         	goto	l32
   223   0006A8                     u90:
   224   0006A8                     
   225                           ;Controle_Nivel.c: 112:         {;Controle_Nivel.c: 113:             PORTCbits.RC0 = 0;
   226   0006A8  9082               	bcf	130,0,c	;volatile
   227                           
   228                           ;Controle_Nivel.c: 114:             PORTCbits.RC1 = 0;
   229   0006AA  9282               	bcf	130,1,c	;volatile
   230                           
   231                           ;Controle_Nivel.c: 115:             PORTCbits.RC2 = 0;
   232   0006AC  9482               	bcf	130,2,c	;volatile
   233                           
   234                           ;Controle_Nivel.c: 116:             PORTCbits.RC3 = 1;
   235   0006AE  8682               	bsf	130,3,c	;volatile
   236                           
   237                           ;Controle_Nivel.c: 117:             PORTCbits.RC4 = 0;
   238   0006B0  9882               	bcf	130,4,c	;volatile
   239                           
   240                           ;Controle_Nivel.c: 118:             PORTCbits.RC5 = 1;
   241   0006B2  8A82               	bsf	130,5,c	;volatile
   242                           
   243                           ;Controle_Nivel.c: 119:         }
   244   0006B4  EF05  F003         	goto	l722
   245   0006B8                     l32:
   246   0006B8  A081               	btfss	129,0,c	;volatile
   247   0006BA  EF61  F003         	goto	u101
   248   0006BE  EF63  F003         	goto	u100
   249   0006C2                     u101:
   250   0006C2  EF79  F003         	goto	l34
   251   0006C6                     u100:
   252   0006C6  A281               	btfss	129,1,c	;volatile
   253   0006C8  EF68  F003         	goto	u111
   254   0006CC  EF6A  F003         	goto	u110
   255   0006D0                     u111:
   256   0006D0  EF79  F003         	goto	l34
   257   0006D4                     u110:
   258   0006D4  A481               	btfss	129,2,c	;volatile
   259   0006D6  EF6F  F003         	goto	u121
   260   0006DA  EF71  F003         	goto	u120
   261   0006DE                     u121:
   262   0006DE  EF79  F003         	goto	l34
   263   0006E2                     u120:
   264   0006E2                     
   265                           ;Controle_Nivel.c: 121:         {;Controle_Nivel.c: 122:             PORTCbits.RC0 = 1;
   266   0006E2  8082               	bsf	130,0,c	;volatile
   267                           
   268                           ;Controle_Nivel.c: 123:             PORTCbits.RC1 = 1;
   269   0006E4  8282               	bsf	130,1,c	;volatile
   270                           
   271                           ;Controle_Nivel.c: 124:             PORTCbits.RC2 = 0;
   272   0006E6  9482               	bcf	130,2,c	;volatile
   273                           
   274                           ;Controle_Nivel.c: 125:             PORTCbits.RC3 = 1;
   275   0006E8  8682               	bsf	130,3,c	;volatile
   276                           
   277                           ;Controle_Nivel.c: 126:             PORTCbits.RC4 = 1;
   278   0006EA  8882               	bsf	130,4,c	;volatile
   279                           
   280                           ;Controle_Nivel.c: 127:             PORTCbits.RC5 = 0;
   281   0006EC  9A82               	bcf	130,5,c	;volatile
   282                           
   283                           ;Controle_Nivel.c: 128:         }
   284   0006EE  EF05  F003         	goto	l722
   285   0006F2                     l34:
   286                           
   287                           ;Controle_Nivel.c: 130:         {;Controle_Nivel.c: 131:             PORTCbits.RC0 = 1;
   288   0006F2  8082               	bsf	130,0,c	;volatile
   289                           
   290                           ;Controle_Nivel.c: 132:             PORTCbits.RC1 = 1;
   291   0006F4  8282               	bsf	130,1,c	;volatile
   292                           
   293                           ;Controle_Nivel.c: 133:             PORTCbits.RC2 = 1;
   294   0006F6  8482               	bsf	130,2,c	;volatile
   295                           
   296                           ;Controle_Nivel.c: 134:             PORTCbits.RC3 = 0;
   297   0006F8  9682               	bcf	130,3,c	;volatile
   298                           
   299                           ;Controle_Nivel.c: 135:             PORTCbits.RC4 = 0;
   300   0006FA  9882               	bcf	130,4,c	;volatile
   301                           
   302                           ;Controle_Nivel.c: 136:             PORTCbits.RC5 = 0;
   303   0006FC  9A82               	bcf	130,5,c	;volatile
   304   0006FE  EF05  F003         	goto	l722
   305   000702  EF00  F000         	goto	start
   306   000706                     __end_of_main:
   307                           	callstack 0
   308                           
   309 ;; *************** function _config_OSC *****************
   310 ;; Defined at:
   311 ;;		line 82 in file "Controle_Nivel.c"
   312 ;; Parameters:    Size  Location     Type
   313 ;;		None
   314 ;; Auto vars:     Size  Location     Type
   315 ;;		None
   316 ;; Return value:  Size  Location     Type
   317 ;;                  1    wreg      void 
   318 ;; Registers used:
   319 ;;		wreg, status,2
   320 ;; Tracked objects:
   321 ;;		On entry : 0/0
   322 ;;		On exit  : 0/0
   323 ;;		Unchanged: 0/0
   324 ;; Data sizes:     COMRAM   BANK0   BANK1   BANK2   BANK3   BANK4   BANK5
   325 ;;      Params:         0       0       0       0       0       0       0
   326 ;;      Locals:         0       0       0       0       0       0       0
   327 ;;      Temps:          0       0       0       0       0       0       0
   328 ;;      Totals:         0       0       0       0       0       0       0
   329 ;;Total ram usage:        0 bytes
   330 ;; Hardware stack levels used: 1
   331 ;; This function calls:
   332 ;;		Nothing
   333 ;; This function is called by:
   334 ;;		_main
   335 ;; This function uses a non-reentrant model
   336 ;;
   337                           
   338                           	psect	text1
   339   000716                     __ptext1:
   340                           	callstack 0
   341   000716                     _config_OSC:
   342                           	callstack 30
   343   000716                     
   344                           ;Controle_Nivel.c: 84:     OSCCON = 0X00;
   345   000716  0E00               	movlw	0
   346   000718  6ED3               	movwf	211,c	;volatile
   347                           
   348                           ;Controle_Nivel.c: 85:     OSCTUNE = 0X00;
   349   00071A  0E00               	movlw	0
   350   00071C  6E9B               	movwf	155,c	;volatile
   351   00071E  0012               	return		;funcret
   352   000720                     __end_of_config_OSC:
   353                           	callstack 0
   354                           
   355 ;; *************** function _config_IO *****************
   356 ;; Defined at:
   357 ;;		line 75 in file "Controle_Nivel.c"
   358 ;; Parameters:    Size  Location     Type
   359 ;;		None
   360 ;; Auto vars:     Size  Location     Type
   361 ;;		None
   362 ;; Return value:  Size  Location     Type
   363 ;;                  1    wreg      void 
   364 ;; Registers used:
   365 ;;		wreg, status,2
   366 ;; Tracked objects:
   367 ;;		On entry : 0/0
   368 ;;		On exit  : 0/0
   369 ;;		Unchanged: 0/0
   370 ;; Data sizes:     COMRAM   BANK0   BANK1   BANK2   BANK3   BANK4   BANK5
   371 ;;      Params:         0       0       0       0       0       0       0
   372 ;;      Locals:         0       0       0       0       0       0       0
   373 ;;      Temps:          0       0       0       0       0       0       0
   374 ;;      Totals:         0       0       0       0       0       0       0
   375 ;;Total ram usage:        0 bytes
   376 ;; Hardware stack levels used: 1
   377 ;; This function calls:
   378 ;;		Nothing
   379 ;; This function is called by:
   380 ;;		_main
   381 ;; This function uses a non-reentrant model
   382 ;;
   383                           
   384                           	psect	text2
   385   000706                     __ptext2:
   386                           	callstack 0
   387   000706                     _config_IO:
   388                           	callstack 30
   389   000706                     
   390                           ;Controle_Nivel.c: 77:     TRISB = 0X07;
   391   000706  0E07               	movlw	7
   392   000708  6E93               	movwf	147,c	;volatile
   393                           
   394                           ;Controle_Nivel.c: 78:     TRISD = 0X00;
   395   00070A  0E00               	movlw	0
   396   00070C  6E95               	movwf	149,c	;volatile
   397                           
   398                           ;Controle_Nivel.c: 79:     ADCON1 = 0X0F;
   399   00070E  0E0F               	movlw	15
   400   000710  6EC1               	movwf	193,c	;volatile
   401   000712                     
   402                           ;Controle_Nivel.c: 80:     PORTD = 0XFF;
   403   000712  6883               	setf	131,c	;volatile
   404   000714  0012               	return		;funcret
   405   000716                     __end_of_config_IO:
   406                           	callstack 0
   407                           
   408                           	psect	smallconst
   409   000600                     __psmallconst:
   410                           	callstack 0
   411   000600  00                 	db	0
   412   000601  00                 	db	0	; dummy byte at the end
   413   000000                     
   414                           	psect	rparam
   415   000000                     
   416                           	psect	config
   417                           
   418                           ; Padding undefined space
   419   300000                     	org	3145728
   420   300000  FF                 	db	255
   421                           
   422                           ;Config register CONFIG1H @ 0x300001
   423                           ;	Oscillator Selection bits
   424                           ;	OSC = HS, HS oscillator
   425                           ;	Fail-Safe Clock Monitor Enable bit
   426                           ;	FCMEN = OFF, Fail-Safe Clock Monitor disabled
   427                           ;	Internal/External Oscillator Switchover bit
   428                           ;	IESO = OFF, Oscillator Switchover mode disabled
   429   300001                     	org	3145729
   430   300001  02                 	db	2
   431                           
   432                           ;Config register CONFIG2L @ 0x300002
   433                           ;	Power-up Timer Enable bit
   434                           ;	PWRT = OFF, PWRT disabled
   435                           ;	Brown-out Reset Enable bits
   436                           ;	BOREN = OFF, Brown-out Reset disabled in hardware and software
   437                           ;	Brown Out Reset Voltage bits
   438                           ;	BORV = 3, Minimum setting
   439   300002                     	org	3145730
   440   300002  19                 	db	25
   441                           
   442                           ;Config register CONFIG2H @ 0x300003
   443                           ;	Watchdog Timer Enable bit
   444                           ;	WDT = OFF, WDT disabled (control is placed on the SWDTEN bit)
   445                           ;	Watchdog Timer Postscale Select bits
   446                           ;	WDTPS = 32768, 1:32768
   447   300003                     	org	3145731
   448   300003  1E                 	db	30
   449                           
   450                           ; Padding undefined space
   451   300004                     	org	3145732
   452   300004  FF                 	db	255
   453                           
   454                           ;Config register CONFIG3H @ 0x300005
   455                           ;	CCP2 MUX bit
   456                           ;	CCP2MX = PORTC, CCP2 input/output is multiplexed with RC1
   457                           ;	PORTB A/D Enable bit
   458                           ;	PBADEN = OFF, PORTB<4:0> pins are configured as digital I/O on Reset
   459                           ;	Low-Power Timer1 Oscillator Enable bit
   460                           ;	LPT1OSC = OFF, Timer1 configured for higher power operation
   461                           ;	MCLR Pin Enable bit
   462                           ;	MCLRE = ON, MCLR pin enabled; RE3 input pin disabled
   463   300005                     	org	3145733
   464   300005  81                 	db	129
   465                           
   466                           ;Config register CONFIG4L @ 0x300006
   467                           ;	Stack Full/Underflow Reset Enable bit
   468                           ;	STVREN = ON, Stack full/underflow will cause Reset
   469                           ;	Single-Supply ICSP Enable bit
   470                           ;	LVP = OFF, Single-Supply ICSP disabled
   471                           ;	Extended Instruction Set Enable bit
   472                           ;	XINST = OFF, Instruction set extension and Indexed Addressing mode disabled (Legacy mo
      +                          de)
   473                           ;	Background Debugger Enable bit
   474                           ;	DEBUG = 0x1, unprogrammed default
   475   300006                     	org	3145734
   476   300006  81                 	db	129
   477                           
   478                           ; Padding undefined space
   479   300007                     	org	3145735
   480   300007  FF                 	db	255
   481                           
   482                           ;Config register CONFIG5L @ 0x300008
   483                           ;	Code Protection bit
   484                           ;	CP0 = OFF, Block 0 (000800-001FFFh) not code-protected
   485                           ;	Code Protection bit
   486                           ;	CP1 = OFF, Block 1 (002000-003FFFh) not code-protected
   487                           ;	Code Protection bit
   488                           ;	CP2 = OFF, Block 2 (004000-005FFFh) not code-protected
   489                           ;	Code Protection bit
   490                           ;	CP3 = OFF, Block 3 (006000-007FFFh) not code-protected
   491   300008                     	org	3145736
   492   300008  0F                 	db	15
   493                           
   494                           ;Config register CONFIG5H @ 0x300009
   495                           ;	Boot Block Code Protection bit
   496                           ;	CPB = OFF, Boot block (000000-0007FFh) not code-protected
   497                           ;	Data EEPROM Code Protection bit
   498                           ;	CPD = OFF, Data EEPROM not code-protected
   499   300009                     	org	3145737
   500   300009  C0                 	db	192
   501                           
   502                           ;Config register CONFIG6L @ 0x30000A
   503                           ;	Write Protection bit
   504                           ;	WRT0 = OFF, Block 0 (000800-001FFFh) not write-protected
   505                           ;	Write Protection bit
   506                           ;	WRT1 = OFF, Block 1 (002000-003FFFh) not write-protected
   507                           ;	Write Protection bit
   508                           ;	WRT2 = OFF, Block 2 (004000-005FFFh) not write-protected
   509                           ;	Write Protection bit
   510                           ;	WRT3 = OFF, Block 3 (006000-007FFFh) not write-protected
   511   30000A                     	org	3145738
   512   30000A  0F                 	db	15
   513                           
   514                           ;Config register CONFIG6H @ 0x30000B
   515                           ;	Configuration Register Write Protection bit
   516                           ;	WRTC = OFF, Configuration registers (300000-3000FFh) not write-protected
   517                           ;	Boot Block Write Protection bit
   518                           ;	WRTB = OFF, Boot block (000000-0007FFh) not write-protected
   519                           ;	Data EEPROM Write Protection bit
   520                           ;	WRTD = OFF, Data EEPROM not write-protected
   521   30000B                     	org	3145739
   522   30000B  E0                 	db	224
   523                           
   524                           ;Config register CONFIG7L @ 0x30000C
   525                           ;	Table Read Protection bit
   526                           ;	EBTR0 = OFF, Block 0 (000800-001FFFh) not protected from table reads executed in other
      +                           blocks
   527                           ;	Table Read Protection bit
   528                           ;	EBTR1 = OFF, Block 1 (002000-003FFFh) not protected from table reads executed in other
      +                           blocks
   529                           ;	Table Read Protection bit
   530                           ;	EBTR2 = OFF, Block 2 (004000-005FFFh) not protected from table reads executed in other
      +                           blocks
   531                           ;	Table Read Protection bit
   532                           ;	EBTR3 = OFF, Block 3 (006000-007FFFh) not protected from table reads executed in other
      +                           blocks
   533   30000C                     	org	3145740
   534   30000C  0F                 	db	15
   535                           
   536                           ;Config register CONFIG7H @ 0x30000D
   537                           ;	Boot Block Table Read Protection bit
   538                           ;	EBTRB = OFF, Boot block (000000-0007FFh) not protected from table reads executed in ot
      +                          her blocks
   539   30000D                     	org	3145741
   540   30000D  40                 	db	64
   541                           tosu	equ	0xFFF
   542                           tosh	equ	0xFFE
   543                           tosl	equ	0xFFD
   544                           stkptr	equ	0xFFC
   545                           pclatu	equ	0xFFB
   546                           pclath	equ	0xFFA
   547                           pcl	equ	0xFF9
   548                           tblptru	equ	0xFF8
   549                           tblptrh	equ	0xFF7
   550                           tblptrl	equ	0xFF6
   551                           tablat	equ	0xFF5
   552                           prodh	equ	0xFF4
   553                           prodl	equ	0xFF3
   554                           indf0	equ	0xFEF
   555                           postinc0	equ	0xFEE
   556                           postdec0	equ	0xFED
   557                           preinc0	equ	0xFEC
   558                           plusw0	equ	0xFEB
   559                           fsr0h	equ	0xFEA
   560                           fsr0l	equ	0xFE9
   561                           wreg	equ	0xFE8
   562                           indf1	equ	0xFE7
   563                           postinc1	equ	0xFE6
   564                           postdec1	equ	0xFE5
   565                           preinc1	equ	0xFE4
   566                           plusw1	equ	0xFE3
   567                           fsr1h	equ	0xFE2
   568                           fsr1l	equ	0xFE1
   569                           bsr	equ	0xFE0
   570                           indf2	equ	0xFDF
   571                           postinc2	equ	0xFDE
   572                           postdec2	equ	0xFDD
   573                           preinc2	equ	0xFDC
   574                           plusw2	equ	0xFDB
   575                           fsr2h	equ	0xFDA
   576                           fsr2l	equ	0xFD9
   577                           status	equ	0xFD8

Data Sizes:
    Strings     0
    Constant    0
    Data        0
    BSS         0
    Persistent  0
    Stack       0

Auto Spaces:
    Space          Size  Autos    Used
    COMRAM          127      0       0
    BANK0           128      0       0
    BANK1           256      0       0
    BANK2           256      0       0
    BANK3           256      0       0
    BANK4           256      0       0
    BANK5           256      0       0

Pointer List with Targets:

    None.

Critical Paths under _main in COMRAM

    None.

Critical Paths under _main in BANK0

    None.

Critical Paths under _main in BANK1

    None.

Critical Paths under _main in BANK2

    None.

Critical Paths under _main in BANK3

    None.

Critical Paths under _main in BANK4

    None.

Critical Paths under _main in BANK5

    None.

Call Graph Tables:

 ---------------------------------------------------------------------------------
 (Depth) Function   	        Calls       Base Space   Used Autos Params    Refs
 ---------------------------------------------------------------------------------
 (0) _main                                                 0     0      0       0
                          _config_IO
                         _config_OSC
 ---------------------------------------------------------------------------------
 (1) _config_OSC                                           0     0      0       0
 ---------------------------------------------------------------------------------
 (1) _config_IO                                            0     0      0       0
 ---------------------------------------------------------------------------------
 Estimated maximum stack depth 1
 ---------------------------------------------------------------------------------

 Call Graph Graphs:

 _main (ROOT)
   _config_IO
   _config_OSC

 Address spaces:
Name               Size   Autos  Total    Cost      Usage
BITCOMRAM           7F      0       0       0        0.0%
EEDATA             100      0       0       0        0.0%
NULL                 0      0       0       0        0.0%
CODE                 0      0       0       0        0.0%
COMRAM              7F      0       0       1        0.0%
STACK                0      0       0       2        0.0%
DATA                 0      0       0       3        0.0%
BITBANK0            80      0       0       4        0.0%
BANK0               80      0       0       5        0.0%
BITBANK1           100      0       0       6        0.0%
BANK1              100      0       0       7        0.0%
BITBANK2           100      0       0       8        0.0%
BANK2              100      0       0       9        0.0%
BITBANK3           100      0       0      10        0.0%
BANK3              100      0       0      11        0.0%
BITBANK4           100      0       0      12        0.0%
BANK4              100      0       0      13        0.0%
BITBANK5           100      0       0      14        0.0%
BANK5              100      0       0      15        0.0%
BITBIGSFRhhhh       2C      0       0      16        0.0%
BITBIGSFRhhhl       11      0       0      17        0.0%
BITBIGSFRhhlh       25      0       0      18        0.0%
BITBIGSFRhhll        5      0       0      19        0.0%
BITBIGSFRhl          1      0       0      20        0.0%
BITBIGSFRlh          F      0       0      21        0.0%
BITBIGSFRlll         1      0       0      22        0.0%
ABS                  0      0       0      23        0.0%
BIGRAM             5FF      0       0      24        0.0%
BIGSFR               0      0       0     200        0.0%
BITSFR               0      0       0     200        0.0%
SFR                  0      0       0     200        0.0%


Microchip Technology PIC18 Macro Assembler V2.46 build 20240104201356 
Symbol Table                                                                                   Thu May 23 22:22:45 2024

                     l22 071E                       l30 067E                       l32 06B8  
                     l34 06F2                       l19 0714                       l28 0644  
                     u10 0618                       u11 0614                       u20 0626  
                     u21 0622                       u30 0634                       u31 0630  
                     u40 0652                       u41 064E                       u50 0660  
                     u51 065C                       u60 066E                       u61 066A  
                     u70 068C                       u71 0688                       u80 069A  
                     u81 0696                       u90 06A8                       u91 06A4  
                    l720 0602                      l714 0706                      l730 0652  
                    l722 060A                      l716 0712                      l740 06A8  
                    l732 0660                      l724 0618                      l718 0716  
                    l742 06C6                      l734 066E                      l726 0626  
                    l744 06D4                      l736 068C                      l728 0634  
                    l746 06E2                      l738 069A                      u100 06C6  
                    u101 06C2                      u110 06D4                      u111 06D0  
                    u120 06E2                      u121 06DE                     _main 0602  
                   start 0000             ___param_bank 0000                    ?_main 0000  
                  _PORTD 0F83                    _TRISB 0F93                    _TRISD 0F95  
        __initialization 0720             __end_of_main 0706                   ??_main 0000  
          __activetblptr 0000                   _ADCON1 0FC1                   _OSCCON 0FD3  
                 isa$std 0001             __mediumconst 0000               __accesstop 0080  
__end_of__initialization 0720            ___rparam_used 0001           __pcstackCOMRAM 0000  
             _config_OSC 0716                  _OSCTUNE 0F9B                  __Hparam 0000  
                __Lparam 0000        __end_of_config_IO 0716             __psmallconst 0600  
                __pcinit 0720                  __ramtop 0600                  __ptext0 0602  
                __ptext1 0716                  __ptext2 0706     end_of_initialization 0720  
              _PORTBbits 0F81                _PORTCbits 0F82              ?_config_OSC 0000  
    start_initialization 0720                _config_IO 0706              __smallconst 0600  
             ?_config_IO 0000             ??_config_OSC 0000                 __Hrparam 0000  
               __Lrparam 0000       __end_of_config_OSC 0720                 isa$xinst 0000  
            ??_config_IO 0000  
